<?xml version='1.0'?>
<ns2:test-suite xmlns:ns2='urn:model.allure.qatools.yandex.ru' start='1511955586303' stop='1511955590392'>
    <name>Unit4 Login</name>
    <title>Unit4 Login</title>
    <test-cases>
        <test-case start='1511955586304' status='failed' stop='1511955588144'>
            <name>Open URL</name>
            <title>Open URL</title>
            <labels/>
            <parameters/>
            <steps/>
            <attachments/>
            <failure>
                <message>Failed: no such window: target window already closed
                from unknown error: web view not found
                  (Session info: chrome=62.0.3202.94)
                  (Driver info: chromedriver=2.33.506120 (e3e53437346286c0bc2d2dc9aa4915ba81d9023f),platform=Windows NT 10.0.10586 x86_64)</message>
                <stack-trace>NoSuchWindowError: no such window: target window already closed
                from unknown error: web view not found
                  (Session info: chrome=62.0.3202.94)
                  (Driver info: chromedriver=2.33.506120 (e3e53437346286c0bc2d2dc9aa4915ba81d9023f),platform=Windows NT 10.0.10586 x86_64)
                    at Object.checkLegacyResponse (C:\Users\dixit.bedi\Eclipse-javascript\Unit4\node_modules\protractor\node_modules\selenium-webdriver\lib\error.js:546:15)
                    at parseHttpResponse (C:\Users\dixit.bedi\Eclipse-javascript\Unit4\node_modules\protractor\node_modules\selenium-webdriver\lib\http.js:509:13)
                    at doSend.then.response (C:\Users\dixit.bedi\Eclipse-javascript\Unit4\node_modules\protractor\node_modules\selenium-webdriver\lib\http.js:441:30)
                    at &lt;anonymous>
                    at process._tickCallback (internal/process/next_tick.js:188:7)
                From: Task: Protractor.get(http://172.20.21.206/ERPHappyNegotiation/#/login?returnUrl=%2F) - get url
                    at Driver.schedule (C:\Users\dixit.bedi\Eclipse-javascript\Unit4\node_modules\protractor\node_modules\selenium-webdriver\lib\webdriver.js:807:17)
                    at ProtractorBrowser.executeScriptWithDescription (C:\Users\dixit.bedi\Eclipse-javascript\Unit4\node_modules\protractor\built\browser.js:404:28)
                    at driver.wait (C:\Users\dixit.bedi\Eclipse-javascript\Unit4\node_modules\protractor\built\browser.js:686:29)
                    at C:\Users\dixit.bedi\Eclipse-javascript\Unit4\node_modules\protractor\node_modules\selenium-webdriver\lib\webdriver.js:938:14
                    at TaskQueue.execute_ (C:\Users\dixit.bedi\Eclipse-javascript\Unit4\node_modules\protractor\node_modules\selenium-webdriver\lib\promise.js:3084:14)
                    at TaskQueue.executeNext_ (C:\Users\dixit.bedi\Eclipse-javascript\Unit4\node_modules\protractor\node_modules\selenium-webdriver\lib\promise.js:3067:27)
                    at asyncRun (C:\Users\dixit.bedi\Eclipse-javascript\Unit4\node_modules\protractor\node_modules\selenium-webdriver\lib\promise.js:2974:25)
                    at C:\Users\dixit.bedi\Eclipse-javascript\Unit4\node_modules\protractor\node_modules\selenium-webdriver\lib\promise.js:668:7
                    at &lt;anonymous>
                    at process._tickCallback (internal/process/next_tick.js:188:7)
                From: Task: &lt;anonymous>
                    at pollCondition (C:\Users\dixit.bedi\Eclipse-javascript\Unit4\node_modules\protractor\node_modules\selenium-webdriver\lib\promise.js:2195:19)
                    at C:\Users\dixit.bedi\Eclipse-javascript\Unit4\node_modules\protractor\node_modules\selenium-webdriver\lib\promise.js:2191:7
                    at new ManagedPromise (C:\Users\dixit.bedi\Eclipse-javascript\Unit4\node_modules\protractor\node_modules\selenium-webdriver\lib\promise.js:1077:7)
                    at ControlFlow.promise (C:\Users\dixit.bedi\Eclipse-javascript\Unit4\node_modules\protractor\node_modules\selenium-webdriver\lib\promise.js:2505:12)
                    at C:\Users\dixit.bedi\Eclipse-javascript\Unit4\node_modules\protractor\node_modules\selenium-webdriver\lib\promise.js:2190:22
                    at TaskQueue.execute_ (C:\Users\dixit.bedi\Eclipse-javascript\Unit4\node_modules\protractor\node_modules\selenium-webdriver\lib\promise.js:3084:14)
                    at TaskQueue.executeNext_ (C:\Users\dixit.bedi\Eclipse-javascript\Unit4\node_modules\protractor\node_modules\selenium-webdriver\lib\promise.js:3067:27)
                    at asyncRun (C:\Users\dixit.bedi\Eclipse-javascript\Unit4\node_modules\protractor\node_modules\selenium-webdriver\lib\promise.js:2974:25)
                    at C:\Users\dixit.bedi\Eclipse-javascript\Unit4\node_modules\protractor\node_modules\selenium-webdriver\lib\promise.js:668:7
                    at &lt;anonymous>
                From: Task: waiting for page to load for 10000ms
                    at scheduleWait (C:\Users\dixit.bedi\Eclipse-javascript\Unit4\node_modules\protractor\node_modules\selenium-webdriver\lib\promise.js:2188:20)
                    at ControlFlow.wait (C:\Users\dixit.bedi\Eclipse-javascript\Unit4\node_modules\protractor\node_modules\selenium-webdriver\lib\promise.js:2517:12)
                    at Driver.wait (C:\Users\dixit.bedi\Eclipse-javascript\Unit4\node_modules\protractor\node_modules\selenium-webdriver\lib\webdriver.js:934:29)
                    at driver.controlFlow.execute.then.then.then.then (C:\Users\dixit.bedi\Eclipse-javascript\Unit4\node_modules\protractor\built\browser.js:685:32)
                    at ManagedPromise.invokeCallback_ (C:\Users\dixit.bedi\Eclipse-javascript\Unit4\node_modules\protractor\node_modules\selenium-webdriver\lib\promise.js:1376:14)
                    at TaskQueue.execute_ (C:\Users\dixit.bedi\Eclipse-javascript\Unit4\node_modules\protractor\node_modules\selenium-webdriver\lib\promise.js:3084:14)
                    at TaskQueue.executeNext_ (C:\Users\dixit.bedi\Eclipse-javascript\Unit4\node_modules\protractor\node_modules\selenium-webdriver\lib\promise.js:3067:27)
                    at asyncRun (C:\Users\dixit.bedi\Eclipse-javascript\Unit4\node_modules\protractor\node_modules\selenium-webdriver\lib\promise.js:2927:27)
                    at C:\Users\dixit.bedi\Eclipse-javascript\Unit4\node_modules\protractor\node_modules\selenium-webdriver\lib\promise.js:668:7
                    at &lt;anonymous>
                From: Task: Run it("Open URL") in control flow
                    at UserContext.&lt;anonymous> (C:\Users\dixit.bedi\Eclipse-javascript\Unit4\node_modules\protractor\node_modules\jasminewd2\index.js:94:19)
                    at attempt (C:\Users\dixit.bedi\Eclipse-javascript\Unit4\node_modules\protractor\node_modules\jasmine-core\lib\jasmine-core\jasmine.js:4297:26)
                    at QueueRunner.run (C:\Users\dixit.bedi\Eclipse-javascript\Unit4\node_modules\protractor\node_modules\jasmine-core\lib\jasmine-core\jasmine.js:4217:20)
                    at QueueRunner.execute (C:\Users\dixit.bedi\Eclipse-javascript\Unit4\node_modules\protractor\node_modules\jasmine-core\lib\jasmine-core\jasmine.js:4199:10)
                    at Spec.queueRunnerFactory (C:\Users\dixit.bedi\Eclipse-javascript\Unit4\node_modules\protractor\node_modules\jasmine-core\lib\jasmine-core\jasmine.js:909:35)
                    at Spec.execute (C:\Users\dixit.bedi\Eclipse-javascript\Unit4\node_modules\protractor\node_modules\jasmine-core\lib\jasmine-core\jasmine.js:526:10)
                    at UserContext.fn (C:\Users\dixit.bedi\Eclipse-javascript\Unit4\node_modules\protractor\node_modules\jasmine-core\lib\jasmine-core\jasmine.js:5340:37)
                    at attempt (C:\Users\dixit.bedi\Eclipse-javascript\Unit4\node_modules\protractor\node_modules\jasmine-core\lib\jasmine-core\jasmine.js:4297:26)
                    at QueueRunner.run (C:\Users\dixit.bedi\Eclipse-javascript\Unit4\node_modules\protractor\node_modules\jasmine-core\lib\jasmine-core\jasmine.js:4217:20)
                    at QueueRunner.execute (C:\Users\dixit.bedi\Eclipse-javascript\Unit4\node_modules\protractor\node_modules\jasmine-core\lib\jasmine-core\jasmine.js:4199:10)
                From asynchronous test: 
                Error
                    at Suite.&lt;anonymous> (C:\Users\dixit.bedi\Eclipse-javascript\Unit4\Tests\unit4_login_test.js:4:2)
                    at addSpecsToSuite (C:\Users\dixit.bedi\Eclipse-javascript\Unit4\node_modules\protractor\node_modules\jasmine-core\lib\jasmine-core\jasmine.js:1107:25)
                    at Env.describe (C:\Users\dixit.bedi\Eclipse-javascript\Unit4\node_modules\protractor\node_modules\jasmine-core\lib\jasmine-core\jasmine.js:1074:7)
                    at describe (C:\Users\dixit.bedi\Eclipse-javascript\Unit4\node_modules\protractor\node_modules\jasmine-core\lib\jasmine-core\jasmine.js:4399:18)
                    at Object.&lt;anonymous> (C:\Users\dixit.bedi\Eclipse-javascript\Unit4\Tests\unit4_login_test.js:2:1)
                    at Module._compile (module.js:641:30)
                    at Object.Module._extensions..js (module.js:652:10)
                    at Module.load (module.js:560:32)
                    at tryModuleLoad (module.js:503:12)</stack-trace>
            </failure>
        </test-case>
        <test-case start='1511955588145' status='failed' stop='1511955588177'>
            <name>Login into the application</name>
            <title>Login into the application</title>
            <labels/>
            <parameters/>
            <steps/>
            <attachments/>
            <failure>
                <message>Failed: no such window: target window already closed
                from unknown error: web view not found
                  (Session info: chrome=62.0.3202.94)
                  (Driver info: chromedriver=2.33.506120 (e3e53437346286c0bc2d2dc9aa4915ba81d9023f),platform=Windows NT 10.0.10586 x86_64)</message>
                <stack-trace>NoSuchWindowError: no such window: target window already closed
                from unknown error: web view not found
                  (Session info: chrome=62.0.3202.94)
                  (Driver info: chromedriver=2.33.506120 (e3e53437346286c0bc2d2dc9aa4915ba81d9023f),platform=Windows NT 10.0.10586 x86_64)
                    at Object.checkLegacyResponse (C:\Users\dixit.bedi\Eclipse-javascript\Unit4\node_modules\protractor\node_modules\selenium-webdriver\lib\error.js:546:15)
                    at parseHttpResponse (C:\Users\dixit.bedi\Eclipse-javascript\Unit4\node_modules\protractor\node_modules\selenium-webdriver\lib\http.js:509:13)
                    at doSend.then.response (C:\Users\dixit.bedi\Eclipse-javascript\Unit4\node_modules\protractor\node_modules\selenium-webdriver\lib\http.js:441:30)
                    at &lt;anonymous>
                    at process._tickCallback (internal/process/next_tick.js:188:7)
                From: Task: Protractor.waitForAngular()
                    at Driver.schedule (C:\Users\dixit.bedi\Eclipse-javascript\Unit4\node_modules\protractor\node_modules\selenium-webdriver\lib\webdriver.js:807:17)
                    at ProtractorBrowser.executeAsyncScript_ (C:\Users\dixit.bedi\Eclipse-javascript\Unit4\node_modules\protractor\built\browser.js:425:28)
                    at angularAppRoot.then (C:\Users\dixit.bedi\Eclipse-javascript\Unit4\node_modules\protractor\built\browser.js:456:33)
                    at ManagedPromise.invokeCallback_ (C:\Users\dixit.bedi\Eclipse-javascript\Unit4\node_modules\protractor\node_modules\selenium-webdriver\lib\promise.js:1376:14)
                    at TaskQueue.execute_ (C:\Users\dixit.bedi\Eclipse-javascript\Unit4\node_modules\protractor\node_modules\selenium-webdriver\lib\promise.js:3084:14)
                    at TaskQueue.executeNext_ (C:\Users\dixit.bedi\Eclipse-javascript\Unit4\node_modules\protractor\node_modules\selenium-webdriver\lib\promise.js:3067:27)
                    at asyncRun (C:\Users\dixit.bedi\Eclipse-javascript\Unit4\node_modules\protractor\node_modules\selenium-webdriver\lib\promise.js:2927:27)
                    at C:\Users\dixit.bedi\Eclipse-javascript\Unit4\node_modules\protractor\node_modules\selenium-webdriver\lib\promise.js:668:7
                    at &lt;anonymous>
                    at process._tickCallback (internal/process/next_tick.js:188:7)
                From: Task: Run it("Login into the application") in control flow
                    at UserContext.&lt;anonymous> (C:\Users\dixit.bedi\Eclipse-javascript\Unit4\node_modules\protractor\node_modules\jasminewd2\index.js:94:19)
                    at attempt (C:\Users\dixit.bedi\Eclipse-javascript\Unit4\node_modules\protractor\node_modules\jasmine-core\lib\jasmine-core\jasmine.js:4297:26)
                    at QueueRunner.run (C:\Users\dixit.bedi\Eclipse-javascript\Unit4\node_modules\protractor\node_modules\jasmine-core\lib\jasmine-core\jasmine.js:4217:20)
                    at QueueRunner.execute (C:\Users\dixit.bedi\Eclipse-javascript\Unit4\node_modules\protractor\node_modules\jasmine-core\lib\jasmine-core\jasmine.js:4199:10)
                    at Spec.queueRunnerFactory (C:\Users\dixit.bedi\Eclipse-javascript\Unit4\node_modules\protractor\node_modules\jasmine-core\lib\jasmine-core\jasmine.js:909:35)
                    at Spec.execute (C:\Users\dixit.bedi\Eclipse-javascript\Unit4\node_modules\protractor\node_modules\jasmine-core\lib\jasmine-core\jasmine.js:526:10)
                    at UserContext.fn (C:\Users\dixit.bedi\Eclipse-javascript\Unit4\node_modules\protractor\node_modules\jasmine-core\lib\jasmine-core\jasmine.js:5340:37)
                    at attempt (C:\Users\dixit.bedi\Eclipse-javascript\Unit4\node_modules\protractor\node_modules\jasmine-core\lib\jasmine-core\jasmine.js:4297:26)
                    at QueueRunner.run (C:\Users\dixit.bedi\Eclipse-javascript\Unit4\node_modules\protractor\node_modules\jasmine-core\lib\jasmine-core\jasmine.js:4217:20)
                    at runNext (C:\Users\dixit.bedi\Eclipse-javascript\Unit4\node_modules\protractor\node_modules\jasmine-core\lib\jasmine-core\jasmine.js:4257:20)
                From asynchronous test: 
                Error
                    at Suite.&lt;anonymous> (C:\Users\dixit.bedi\Eclipse-javascript\Unit4\Tests\unit4_login_test.js:10:2)
                    at addSpecsToSuite (C:\Users\dixit.bedi\Eclipse-javascript\Unit4\node_modules\protractor\node_modules\jasmine-core\lib\jasmine-core\jasmine.js:1107:25)
                    at Env.describe (C:\Users\dixit.bedi\Eclipse-javascript\Unit4\node_modules\protractor\node_modules\jasmine-core\lib\jasmine-core\jasmine.js:1074:7)
                    at describe (C:\Users\dixit.bedi\Eclipse-javascript\Unit4\node_modules\protractor\node_modules\jasmine-core\lib\jasmine-core\jasmine.js:4399:18)
                    at Object.&lt;anonymous> (C:\Users\dixit.bedi\Eclipse-javascript\Unit4\Tests\unit4_login_test.js:2:1)
                    at Module._compile (module.js:641:30)
                    at Object.Module._extensions..js (module.js:652:10)
                    at Module.load (module.js:560:32)
                    at tryModuleLoad (module.js:503:12)</stack-trace>
            </failure>
        </test-case>
        <test-case start='1511955588177' status='failed' stop='1511955588249'>
            <name>Selecting Ansvarsstedon on home page</name>
            <title>Selecting Ansvarsstedon on home page</title>
            <labels/>
            <parameters/>
            <steps/>
            <attachments/>
            <failure>
                <message>Failed: no such window: target window already closed
                from unknown error: web view not found
                  (Session info: chrome=62.0.3202.94)
                  (Driver info: chromedriver=2.33.506120 (e3e53437346286c0bc2d2dc9aa4915ba81d9023f),platform=Windows NT 10.0.10586 x86_64)</message>
                <stack-trace>NoSuchWindowError: no such window: target window already closed
                from unknown error: web view not found
                  (Session info: chrome=62.0.3202.94)
                  (Driver info: chromedriver=2.33.506120 (e3e53437346286c0bc2d2dc9aa4915ba81d9023f),platform=Windows NT 10.0.10586 x86_64)
                    at Object.checkLegacyResponse (C:\Users\dixit.bedi\Eclipse-javascript\Unit4\node_modules\protractor\node_modules\selenium-webdriver\lib\error.js:546:15)
                    at parseHttpResponse (C:\Users\dixit.bedi\Eclipse-javascript\Unit4\node_modules\protractor\node_modules\selenium-webdriver\lib\http.js:509:13)
                    at doSend.then.response (C:\Users\dixit.bedi\Eclipse-javascript\Unit4\node_modules\protractor\node_modules\selenium-webdriver\lib\http.js:441:30)
                    at &lt;anonymous>
                    at process._tickCallback (internal/process/next_tick.js:188:7)
                From: Task: Protractor.waitForAngular() - Locator: By(xpath, .//md-radio-button[starts-with(@id,'md-radio') and @value='2'])
                    at Driver.schedule (C:\Users\dixit.bedi\Eclipse-javascript\Unit4\node_modules\protractor\node_modules\selenium-webdriver\lib\webdriver.js:807:17)
                    at ProtractorBrowser.executeAsyncScript_ (C:\Users\dixit.bedi\Eclipse-javascript\Unit4\node_modules\protractor\built\browser.js:425:28)
                    at angularAppRoot.then (C:\Users\dixit.bedi\Eclipse-javascript\Unit4\node_modules\protractor\built\browser.js:456:33)
                    at ManagedPromise.invokeCallback_ (C:\Users\dixit.bedi\Eclipse-javascript\Unit4\node_modules\protractor\node_modules\selenium-webdriver\lib\promise.js:1376:14)
                    at TaskQueue.execute_ (C:\Users\dixit.bedi\Eclipse-javascript\Unit4\node_modules\protractor\node_modules\selenium-webdriver\lib\promise.js:3084:14)
                    at TaskQueue.executeNext_ (C:\Users\dixit.bedi\Eclipse-javascript\Unit4\node_modules\protractor\node_modules\selenium-webdriver\lib\promise.js:3067:27)
                    at asyncRun (C:\Users\dixit.bedi\Eclipse-javascript\Unit4\node_modules\protractor\node_modules\selenium-webdriver\lib\promise.js:2927:27)
                    at C:\Users\dixit.bedi\Eclipse-javascript\Unit4\node_modules\protractor\node_modules\selenium-webdriver\lib\promise.js:668:7
                    at &lt;anonymous>
                    at process._tickCallback (internal/process/next_tick.js:188:7)Error
                    at ElementArrayFinder.applyAction_ (C:\Users\dixit.bedi\Eclipse-javascript\Unit4\node_modules\protractor\built\element.js:459:27)
                    at ElementArrayFinder.(anonymous function).args [as click] (C:\Users\dixit.bedi\Eclipse-javascript\Unit4\node_modules\protractor\built\element.js:91:29)
                    at ElementFinder.(anonymous function).args [as click] (C:\Users\dixit.bedi\Eclipse-javascript\Unit4\node_modules\protractor\built\element.js:831:22)
                    at home_page.selectAnsvarssted (C:\Users\dixit.bedi\Eclipse-javascript\Unit4\Pages\home_page.js:119:31)
                    at UserContext.&lt;anonymous> (C:\Users\dixit.bedi\Eclipse-javascript\Unit4\Tests\unit4_login_test.js:22:13)
                    at C:\Users\dixit.bedi\Eclipse-javascript\Unit4\node_modules\protractor\node_modules\jasminewd2\index.js:112:25
                    at new ManagedPromise (C:\Users\dixit.bedi\Eclipse-javascript\Unit4\node_modules\protractor\node_modules\selenium-webdriver\lib\promise.js:1077:7)
                    at ControlFlow.promise (C:\Users\dixit.bedi\Eclipse-javascript\Unit4\node_modules\protractor\node_modules\selenium-webdriver\lib\promise.js:2505:12)
                    at schedulerExecute (C:\Users\dixit.bedi\Eclipse-javascript\Unit4\node_modules\protractor\node_modules\jasminewd2\index.js:95:18)
                    at TaskQueue.execute_ (C:\Users\dixit.bedi\Eclipse-javascript\Unit4\node_modules\protractor\node_modules\selenium-webdriver\lib\promise.js:3084:14)
                From: Task: Run it("Selecting Ansvarsstedon on home page") in control flow
                    at UserContext.&lt;anonymous> (C:\Users\dixit.bedi\Eclipse-javascript\Unit4\node_modules\protractor\node_modules\jasminewd2\index.js:94:19)
                    at attempt (C:\Users\dixit.bedi\Eclipse-javascript\Unit4\node_modules\protractor\node_modules\jasmine-core\lib\jasmine-core\jasmine.js:4297:26)
                    at QueueRunner.run (C:\Users\dixit.bedi\Eclipse-javascript\Unit4\node_modules\protractor\node_modules\jasmine-core\lib\jasmine-core\jasmine.js:4217:20)
                    at QueueRunner.execute (C:\Users\dixit.bedi\Eclipse-javascript\Unit4\node_modules\protractor\node_modules\jasmine-core\lib\jasmine-core\jasmine.js:4199:10)
                    at Spec.queueRunnerFactory (C:\Users\dixit.bedi\Eclipse-javascript\Unit4\node_modules\protractor\node_modules\jasmine-core\lib\jasmine-core\jasmine.js:909:35)
                    at Spec.execute (C:\Users\dixit.bedi\Eclipse-javascript\Unit4\node_modules\protractor\node_modules\jasmine-core\lib\jasmine-core\jasmine.js:526:10)
                    at UserContext.fn (C:\Users\dixit.bedi\Eclipse-javascript\Unit4\node_modules\protractor\node_modules\jasmine-core\lib\jasmine-core\jasmine.js:5340:37)
                    at attempt (C:\Users\dixit.bedi\Eclipse-javascript\Unit4\node_modules\protractor\node_modules\jasmine-core\lib\jasmine-core\jasmine.js:4297:26)
                    at QueueRunner.run (C:\Users\dixit.bedi\Eclipse-javascript\Unit4\node_modules\protractor\node_modules\jasmine-core\lib\jasmine-core\jasmine.js:4217:20)
                    at runNext (C:\Users\dixit.bedi\Eclipse-javascript\Unit4\node_modules\protractor\node_modules\jasmine-core\lib\jasmine-core\jasmine.js:4257:20)
                From asynchronous test: 
                Error
                    at Suite.&lt;anonymous> (C:\Users\dixit.bedi\Eclipse-javascript\Unit4\Tests\unit4_login_test.js:20:2)
                    at addSpecsToSuite (C:\Users\dixit.bedi\Eclipse-javascript\Unit4\node_modules\protractor\node_modules\jasmine-core\lib\jasmine-core\jasmine.js:1107:25)
                    at Env.describe (C:\Users\dixit.bedi\Eclipse-javascript\Unit4\node_modules\protractor\node_modules\jasmine-core\lib\jasmine-core\jasmine.js:1074:7)
                    at describe (C:\Users\dixit.bedi\Eclipse-javascript\Unit4\node_modules\protractor\node_modules\jasmine-core\lib\jasmine-core\jasmine.js:4399:18)
                    at Object.&lt;anonymous> (C:\Users\dixit.bedi\Eclipse-javascript\Unit4\Tests\unit4_login_test.js:2:1)
                    at Module._compile (module.js:641:30)
                    at Object.Module._extensions..js (module.js:652:10)
                    at Module.load (module.js:560:32)
                    at tryModuleLoad (module.js:503:12)</stack-trace>
            </failure>
        </test-case>
        <test-case start='1511955588249' status='failed' stop='1511955588265'>
            <name>Creating Negotiation on home page</name>
            <title>Creating Negotiation on home page</title>
            <labels/>
            <parameters/>
            <steps/>
            <attachments/>
            <failure>
                <message>Failed: no such window: target window already closed
                from unknown error: web view not found
                  (Session info: chrome=62.0.3202.94)
                  (Driver info: chromedriver=2.33.506120 (e3e53437346286c0bc2d2dc9aa4915ba81d9023f),platform=Windows NT 10.0.10586 x86_64)</message>
                <stack-trace>NoSuchWindowError: no such window: target window already closed
                from unknown error: web view not found
                  (Session info: chrome=62.0.3202.94)
                  (Driver info: chromedriver=2.33.506120 (e3e53437346286c0bc2d2dc9aa4915ba81d9023f),platform=Windows NT 10.0.10586 x86_64)
                    at Object.checkLegacyResponse (C:\Users\dixit.bedi\Eclipse-javascript\Unit4\node_modules\protractor\node_modules\selenium-webdriver\lib\error.js:546:15)
                    at parseHttpResponse (C:\Users\dixit.bedi\Eclipse-javascript\Unit4\node_modules\protractor\node_modules\selenium-webdriver\lib\http.js:509:13)
                    at doSend.then.response (C:\Users\dixit.bedi\Eclipse-javascript\Unit4\node_modules\protractor\node_modules\selenium-webdriver\lib\http.js:441:30)
                    at &lt;anonymous>
                    at process._tickCallback (internal/process/next_tick.js:188:7)
                From: Task: Protractor.waitForAngular() - Locator: By(xpath, .//span[text()='Administrasjon'])
                    at Driver.schedule (C:\Users\dixit.bedi\Eclipse-javascript\Unit4\node_modules\protractor\node_modules\selenium-webdriver\lib\webdriver.js:807:17)
                    at ProtractorBrowser.executeAsyncScript_ (C:\Users\dixit.bedi\Eclipse-javascript\Unit4\node_modules\protractor\built\browser.js:425:28)
                    at angularAppRoot.then (C:\Users\dixit.bedi\Eclipse-javascript\Unit4\node_modules\protractor\built\browser.js:456:33)
                    at ManagedPromise.invokeCallback_ (C:\Users\dixit.bedi\Eclipse-javascript\Unit4\node_modules\protractor\node_modules\selenium-webdriver\lib\promise.js:1376:14)
                    at TaskQueue.execute_ (C:\Users\dixit.bedi\Eclipse-javascript\Unit4\node_modules\protractor\node_modules\selenium-webdriver\lib\promise.js:3084:14)
                    at TaskQueue.executeNext_ (C:\Users\dixit.bedi\Eclipse-javascript\Unit4\node_modules\protractor\node_modules\selenium-webdriver\lib\promise.js:3067:27)
                    at asyncRun (C:\Users\dixit.bedi\Eclipse-javascript\Unit4\node_modules\protractor\node_modules\selenium-webdriver\lib\promise.js:2927:27)
                    at C:\Users\dixit.bedi\Eclipse-javascript\Unit4\node_modules\protractor\node_modules\selenium-webdriver\lib\promise.js:668:7
                    at &lt;anonymous>
                    at process._tickCallback (internal/process/next_tick.js:188:7)Error
                    at ElementArrayFinder.applyAction_ (C:\Users\dixit.bedi\Eclipse-javascript\Unit4\node_modules\protractor\built\element.js:459:27)
                    at ElementArrayFinder.(anonymous function).args [as click] (C:\Users\dixit.bedi\Eclipse-javascript\Unit4\node_modules\protractor\built\element.js:91:29)
                    at ElementFinder.(anonymous function).args [as click] (C:\Users\dixit.bedi\Eclipse-javascript\Unit4\node_modules\protractor\built\element.js:831:22)
                    at home_page.createNegotiation (C:\Users\dixit.bedi\Eclipse-javascript\Unit4\Pages\home_page.js:70:29)
                    at UserContext.&lt;anonymous> (C:\Users\dixit.bedi\Eclipse-javascript\Unit4\Tests\unit4_login_test.js:28:13)
                    at C:\Users\dixit.bedi\Eclipse-javascript\Unit4\node_modules\protractor\node_modules\jasminewd2\index.js:112:25
                    at new ManagedPromise (C:\Users\dixit.bedi\Eclipse-javascript\Unit4\node_modules\protractor\node_modules\selenium-webdriver\lib\promise.js:1077:7)
                    at ControlFlow.promise (C:\Users\dixit.bedi\Eclipse-javascript\Unit4\node_modules\protractor\node_modules\selenium-webdriver\lib\promise.js:2505:12)
                    at schedulerExecute (C:\Users\dixit.bedi\Eclipse-javascript\Unit4\node_modules\protractor\node_modules\jasminewd2\index.js:95:18)
                    at TaskQueue.execute_ (C:\Users\dixit.bedi\Eclipse-javascript\Unit4\node_modules\protractor\node_modules\selenium-webdriver\lib\promise.js:3084:14)
                From: Task: Run it("Creating Negotiation on home page") in control flow
                    at UserContext.&lt;anonymous> (C:\Users\dixit.bedi\Eclipse-javascript\Unit4\node_modules\protractor\node_modules\jasminewd2\index.js:94:19)
                    at attempt (C:\Users\dixit.bedi\Eclipse-javascript\Unit4\node_modules\protractor\node_modules\jasmine-core\lib\jasmine-core\jasmine.js:4297:26)
                    at QueueRunner.run (C:\Users\dixit.bedi\Eclipse-javascript\Unit4\node_modules\protractor\node_modules\jasmine-core\lib\jasmine-core\jasmine.js:4217:20)
                    at QueueRunner.execute (C:\Users\dixit.bedi\Eclipse-javascript\Unit4\node_modules\protractor\node_modules\jasmine-core\lib\jasmine-core\jasmine.js:4199:10)
                    at Spec.queueRunnerFactory (C:\Users\dixit.bedi\Eclipse-javascript\Unit4\node_modules\protractor\node_modules\jasmine-core\lib\jasmine-core\jasmine.js:909:35)
                    at Spec.execute (C:\Users\dixit.bedi\Eclipse-javascript\Unit4\node_modules\protractor\node_modules\jasmine-core\lib\jasmine-core\jasmine.js:526:10)
                    at UserContext.fn (C:\Users\dixit.bedi\Eclipse-javascript\Unit4\node_modules\protractor\node_modules\jasmine-core\lib\jasmine-core\jasmine.js:5340:37)
                    at attempt (C:\Users\dixit.bedi\Eclipse-javascript\Unit4\node_modules\protractor\node_modules\jasmine-core\lib\jasmine-core\jasmine.js:4297:26)
                    at QueueRunner.run (C:\Users\dixit.bedi\Eclipse-javascript\Unit4\node_modules\protractor\node_modules\jasmine-core\lib\jasmine-core\jasmine.js:4217:20)
                    at runNext (C:\Users\dixit.bedi\Eclipse-javascript\Unit4\node_modules\protractor\node_modules\jasmine-core\lib\jasmine-core\jasmine.js:4257:20)
                From asynchronous test: 
                Error
                    at Suite.&lt;anonymous> (C:\Users\dixit.bedi\Eclipse-javascript\Unit4\Tests\unit4_login_test.js:26:2)
                    at addSpecsToSuite (C:\Users\dixit.bedi\Eclipse-javascript\Unit4\node_modules\protractor\node_modules\jasmine-core\lib\jasmine-core\jasmine.js:1107:25)
                    at Env.describe (C:\Users\dixit.bedi\Eclipse-javascript\Unit4\node_modules\protractor\node_modules\jasmine-core\lib\jasmine-core\jasmine.js:1074:7)
                    at describe (C:\Users\dixit.bedi\Eclipse-javascript\Unit4\node_modules\protractor\node_modules\jasmine-core\lib\jasmine-core\jasmine.js:4399:18)
                    at Object.&lt;anonymous> (C:\Users\dixit.bedi\Eclipse-javascript\Unit4\Tests\unit4_login_test.js:2:1)
                    at Module._compile (module.js:641:30)
                    at Object.Module._extensions..js (module.js:652:10)
                    at Module.load (module.js:560:32)
                    at tryModuleLoad (module.js:503:12)</stack-trace>
            </failure>
        </test-case>
        <test-case start='1511955588265' status='failed' stop='1511955589283'>
            <name>Deleting Negotiation on home page</name>
            <title>Deleting Negotiation on home page</title>
            <labels/>
            <parameters/>
            <steps/>
            <attachments/>
            <failure>
                <message>Failed: no such window: target window already closed
                from unknown error: web view not found
                  (Session info: chrome=62.0.3202.94)
                  (Driver info: chromedriver=2.33.506120 (e3e53437346286c0bc2d2dc9aa4915ba81d9023f),platform=Windows NT 10.0.10586 x86_64)</message>
                <stack-trace>NoSuchWindowError: no such window: target window already closed
                from unknown error: web view not found
                  (Session info: chrome=62.0.3202.94)
                  (Driver info: chromedriver=2.33.506120 (e3e53437346286c0bc2d2dc9aa4915ba81d9023f),platform=Windows NT 10.0.10586 x86_64)
                    at Object.checkLegacyResponse (C:\Users\dixit.bedi\Eclipse-javascript\Unit4\node_modules\protractor\node_modules\selenium-webdriver\lib\error.js:546:15)
                    at parseHttpResponse (C:\Users\dixit.bedi\Eclipse-javascript\Unit4\node_modules\protractor\node_modules\selenium-webdriver\lib\http.js:509:13)
                    at doSend.then.response (C:\Users\dixit.bedi\Eclipse-javascript\Unit4\node_modules\protractor\node_modules\selenium-webdriver\lib\http.js:441:30)
                    at &lt;anonymous>
                    at process._tickCallback (internal/process/next_tick.js:188:7)
                From: Task: Protractor.waitForAngular() - Locator: By(xpath, .//table/tbody/tr[1]/td[1])
                    at Driver.schedule (C:\Users\dixit.bedi\Eclipse-javascript\Unit4\node_modules\protractor\node_modules\selenium-webdriver\lib\webdriver.js:807:17)
                    at ProtractorBrowser.executeAsyncScript_ (C:\Users\dixit.bedi\Eclipse-javascript\Unit4\node_modules\protractor\built\browser.js:425:28)
                    at angularAppRoot.then (C:\Users\dixit.bedi\Eclipse-javascript\Unit4\node_modules\protractor\built\browser.js:456:33)
                    at ManagedPromise.invokeCallback_ (C:\Users\dixit.bedi\Eclipse-javascript\Unit4\node_modules\protractor\node_modules\selenium-webdriver\lib\promise.js:1376:14)
                    at TaskQueue.execute_ (C:\Users\dixit.bedi\Eclipse-javascript\Unit4\node_modules\protractor\node_modules\selenium-webdriver\lib\promise.js:3084:14)
                    at TaskQueue.executeNext_ (C:\Users\dixit.bedi\Eclipse-javascript\Unit4\node_modules\protractor\node_modules\selenium-webdriver\lib\promise.js:3067:27)
                    at asyncRun (C:\Users\dixit.bedi\Eclipse-javascript\Unit4\node_modules\protractor\node_modules\selenium-webdriver\lib\promise.js:2927:27)
                    at C:\Users\dixit.bedi\Eclipse-javascript\Unit4\node_modules\protractor\node_modules\selenium-webdriver\lib\promise.js:668:7
                    at &lt;anonymous>Error
                    at ElementArrayFinder.applyAction_ (C:\Users\dixit.bedi\Eclipse-javascript\Unit4\node_modules\protractor\built\element.js:459:27)
                    at ElementArrayFinder.(anonymous function).args [as click] (C:\Users\dixit.bedi\Eclipse-javascript\Unit4\node_modules\protractor\built\element.js:91:29)
                    at ElementFinder.(anonymous function).args [as click] (C:\Users\dixit.bedi\Eclipse-javascript\Unit4\node_modules\protractor\built\element.js:831:22)
                    at home_page.deleteNegotiation (C:\Users\dixit.bedi\Eclipse-javascript\Unit4\Pages\home_page.js:96:24)
                    at UserContext.&lt;anonymous> (C:\Users\dixit.bedi\Eclipse-javascript\Unit4\Tests\unit4_login_test.js:32:13)
                    at C:\Users\dixit.bedi\Eclipse-javascript\Unit4\node_modules\protractor\node_modules\jasminewd2\index.js:112:25
                    at new ManagedPromise (C:\Users\dixit.bedi\Eclipse-javascript\Unit4\node_modules\protractor\node_modules\selenium-webdriver\lib\promise.js:1077:7)
                    at ControlFlow.promise (C:\Users\dixit.bedi\Eclipse-javascript\Unit4\node_modules\protractor\node_modules\selenium-webdriver\lib\promise.js:2505:12)
                    at schedulerExecute (C:\Users\dixit.bedi\Eclipse-javascript\Unit4\node_modules\protractor\node_modules\jasminewd2\index.js:95:18)
                    at TaskQueue.execute_ (C:\Users\dixit.bedi\Eclipse-javascript\Unit4\node_modules\protractor\node_modules\selenium-webdriver\lib\promise.js:3084:14)
                From: Task: Run it("Deleting Negotiation on home page") in control flow
                    at UserContext.&lt;anonymous> (C:\Users\dixit.bedi\Eclipse-javascript\Unit4\node_modules\protractor\node_modules\jasminewd2\index.js:94:19)
                    at attempt (C:\Users\dixit.bedi\Eclipse-javascript\Unit4\node_modules\protractor\node_modules\jasmine-core\lib\jasmine-core\jasmine.js:4297:26)
                    at QueueRunner.run (C:\Users\dixit.bedi\Eclipse-javascript\Unit4\node_modules\protractor\node_modules\jasmine-core\lib\jasmine-core\jasmine.js:4217:20)
                    at QueueRunner.execute (C:\Users\dixit.bedi\Eclipse-javascript\Unit4\node_modules\protractor\node_modules\jasmine-core\lib\jasmine-core\jasmine.js:4199:10)
                    at Spec.queueRunnerFactory (C:\Users\dixit.bedi\Eclipse-javascript\Unit4\node_modules\protractor\node_modules\jasmine-core\lib\jasmine-core\jasmine.js:909:35)
                    at Spec.execute (C:\Users\dixit.bedi\Eclipse-javascript\Unit4\node_modules\protractor\node_modules\jasmine-core\lib\jasmine-core\jasmine.js:526:10)
                    at UserContext.fn (C:\Users\dixit.bedi\Eclipse-javascript\Unit4\node_modules\protractor\node_modules\jasmine-core\lib\jasmine-core\jasmine.js:5340:37)
                    at attempt (C:\Users\dixit.bedi\Eclipse-javascript\Unit4\node_modules\protractor\node_modules\jasmine-core\lib\jasmine-core\jasmine.js:4297:26)
                    at QueueRunner.run (C:\Users\dixit.bedi\Eclipse-javascript\Unit4\node_modules\protractor\node_modules\jasmine-core\lib\jasmine-core\jasmine.js:4217:20)
                    at runNext (C:\Users\dixit.bedi\Eclipse-javascript\Unit4\node_modules\protractor\node_modules\jasmine-core\lib\jasmine-core\jasmine.js:4257:20)
                From asynchronous test: 
                Error
                    at Suite.&lt;anonymous> (C:\Users\dixit.bedi\Eclipse-javascript\Unit4\Tests\unit4_login_test.js:31:2)
                    at addSpecsToSuite (C:\Users\dixit.bedi\Eclipse-javascript\Unit4\node_modules\protractor\node_modules\jasmine-core\lib\jasmine-core\jasmine.js:1107:25)
                    at Env.describe (C:\Users\dixit.bedi\Eclipse-javascript\Unit4\node_modules\protractor\node_modules\jasmine-core\lib\jasmine-core\jasmine.js:1074:7)
                    at describe (C:\Users\dixit.bedi\Eclipse-javascript\Unit4\node_modules\protractor\node_modules\jasmine-core\lib\jasmine-core\jasmine.js:4399:18)
                    at Object.&lt;anonymous> (C:\Users\dixit.bedi\Eclipse-javascript\Unit4\Tests\unit4_login_test.js:2:1)
                    at Module._compile (module.js:641:30)
                    at Object.Module._extensions..js (module.js:652:10)
                    at Module.load (module.js:560:32)
                    at tryModuleLoad (module.js:503:12)</stack-trace>
            </failure>
        </test-case>
        <test-case start='1511955589283' status='failed' stop='1511955589304'>
            <name>Editing Negotiation on home page</name>
            <title>Editing Negotiation on home page</title>
            <labels/>
            <parameters/>
            <steps/>
            <attachments/>
            <failure>
                <message>Failed: no such window: target window already closed
                from unknown error: web view not found
                  (Session info: chrome=62.0.3202.94)
                  (Driver info: chromedriver=2.33.506120 (e3e53437346286c0bc2d2dc9aa4915ba81d9023f),platform=Windows NT 10.0.10586 x86_64)</message>
                <stack-trace>NoSuchWindowError: no such window: target window already closed
                from unknown error: web view not found
                  (Session info: chrome=62.0.3202.94)
                  (Driver info: chromedriver=2.33.506120 (e3e53437346286c0bc2d2dc9aa4915ba81d9023f),platform=Windows NT 10.0.10586 x86_64)
                    at Object.checkLegacyResponse (C:\Users\dixit.bedi\Eclipse-javascript\Unit4\node_modules\protractor\node_modules\selenium-webdriver\lib\error.js:546:15)
                    at parseHttpResponse (C:\Users\dixit.bedi\Eclipse-javascript\Unit4\node_modules\protractor\node_modules\selenium-webdriver\lib\http.js:509:13)
                    at doSend.then.response (C:\Users\dixit.bedi\Eclipse-javascript\Unit4\node_modules\protractor\node_modules\selenium-webdriver\lib\http.js:441:30)
                    at &lt;anonymous>
                    at process._tickCallback (internal/process/next_tick.js:188:7)
                From: Task: Protractor.waitForAngular() - Locator: By(xpath, .//table/tbody/tr[1]/td[9]//md-icon)
                    at Driver.schedule (C:\Users\dixit.bedi\Eclipse-javascript\Unit4\node_modules\protractor\node_modules\selenium-webdriver\lib\webdriver.js:807:17)
                    at ProtractorBrowser.executeAsyncScript_ (C:\Users\dixit.bedi\Eclipse-javascript\Unit4\node_modules\protractor\built\browser.js:425:28)
                    at angularAppRoot.then (C:\Users\dixit.bedi\Eclipse-javascript\Unit4\node_modules\protractor\built\browser.js:456:33)
                    at ManagedPromise.invokeCallback_ (C:\Users\dixit.bedi\Eclipse-javascript\Unit4\node_modules\protractor\node_modules\selenium-webdriver\lib\promise.js:1376:14)
                    at TaskQueue.execute_ (C:\Users\dixit.bedi\Eclipse-javascript\Unit4\node_modules\protractor\node_modules\selenium-webdriver\lib\promise.js:3084:14)
                    at TaskQueue.executeNext_ (C:\Users\dixit.bedi\Eclipse-javascript\Unit4\node_modules\protractor\node_modules\selenium-webdriver\lib\promise.js:3067:27)
                    at asyncRun (C:\Users\dixit.bedi\Eclipse-javascript\Unit4\node_modules\protractor\node_modules\selenium-webdriver\lib\promise.js:2927:27)
                    at C:\Users\dixit.bedi\Eclipse-javascript\Unit4\node_modules\protractor\node_modules\selenium-webdriver\lib\promise.js:668:7
                    at &lt;anonymous>
                    at process._tickCallback (internal/process/next_tick.js:188:7)Error
                    at ElementArrayFinder.applyAction_ (C:\Users\dixit.bedi\Eclipse-javascript\Unit4\node_modules\protractor\built\element.js:459:27)
                    at ElementArrayFinder.(anonymous function).args [as click] (C:\Users\dixit.bedi\Eclipse-javascript\Unit4\node_modules\protractor\built\element.js:91:29)
                    at ElementFinder.(anonymous function).args [as click] (C:\Users\dixit.bedi\Eclipse-javascript\Unit4\node_modules\protractor\built\element.js:831:22)
                    at home_page.editNegotiation (C:\Users\dixit.bedi\Eclipse-javascript\Unit4\Pages\home_page.js:108:23)
                    at UserContext.&lt;anonymous> (C:\Users\dixit.bedi\Eclipse-javascript\Unit4\Tests\unit4_login_test.js:37:13)
                    at C:\Users\dixit.bedi\Eclipse-javascript\Unit4\node_modules\protractor\node_modules\jasminewd2\index.js:112:25
                    at new ManagedPromise (C:\Users\dixit.bedi\Eclipse-javascript\Unit4\node_modules\protractor\node_modules\selenium-webdriver\lib\promise.js:1077:7)
                    at ControlFlow.promise (C:\Users\dixit.bedi\Eclipse-javascript\Unit4\node_modules\protractor\node_modules\selenium-webdriver\lib\promise.js:2505:12)
                    at schedulerExecute (C:\Users\dixit.bedi\Eclipse-javascript\Unit4\node_modules\protractor\node_modules\jasminewd2\index.js:95:18)
                    at TaskQueue.execute_ (C:\Users\dixit.bedi\Eclipse-javascript\Unit4\node_modules\protractor\node_modules\selenium-webdriver\lib\promise.js:3084:14)
                From: Task: Run it("Editing Negotiation on home page") in control flow
                    at UserContext.&lt;anonymous> (C:\Users\dixit.bedi\Eclipse-javascript\Unit4\node_modules\protractor\node_modules\jasminewd2\index.js:94:19)
                    at attempt (C:\Users\dixit.bedi\Eclipse-javascript\Unit4\node_modules\protractor\node_modules\jasmine-core\lib\jasmine-core\jasmine.js:4297:26)
                    at QueueRunner.run (C:\Users\dixit.bedi\Eclipse-javascript\Unit4\node_modules\protractor\node_modules\jasmine-core\lib\jasmine-core\jasmine.js:4217:20)
                    at QueueRunner.execute (C:\Users\dixit.bedi\Eclipse-javascript\Unit4\node_modules\protractor\node_modules\jasmine-core\lib\jasmine-core\jasmine.js:4199:10)
                    at Spec.queueRunnerFactory (C:\Users\dixit.bedi\Eclipse-javascript\Unit4\node_modules\protractor\node_modules\jasmine-core\lib\jasmine-core\jasmine.js:909:35)
                    at Spec.execute (C:\Users\dixit.bedi\Eclipse-javascript\Unit4\node_modules\protractor\node_modules\jasmine-core\lib\jasmine-core\jasmine.js:526:10)
                    at UserContext.fn (C:\Users\dixit.bedi\Eclipse-javascript\Unit4\node_modules\protractor\node_modules\jasmine-core\lib\jasmine-core\jasmine.js:5340:37)
                    at attempt (C:\Users\dixit.bedi\Eclipse-javascript\Unit4\node_modules\protractor\node_modules\jasmine-core\lib\jasmine-core\jasmine.js:4297:26)
                    at QueueRunner.run (C:\Users\dixit.bedi\Eclipse-javascript\Unit4\node_modules\protractor\node_modules\jasmine-core\lib\jasmine-core\jasmine.js:4217:20)
                    at runNext (C:\Users\dixit.bedi\Eclipse-javascript\Unit4\node_modules\protractor\node_modules\jasmine-core\lib\jasmine-core\jasmine.js:4257:20)
                From asynchronous test: 
                Error
                    at Suite.&lt;anonymous> (C:\Users\dixit.bedi\Eclipse-javascript\Unit4\Tests\unit4_login_test.js:35:2)
                    at addSpecsToSuite (C:\Users\dixit.bedi\Eclipse-javascript\Unit4\node_modules\protractor\node_modules\jasmine-core\lib\jasmine-core\jasmine.js:1107:25)
                    at Env.describe (C:\Users\dixit.bedi\Eclipse-javascript\Unit4\node_modules\protractor\node_modules\jasmine-core\lib\jasmine-core\jasmine.js:1074:7)
                    at describe (C:\Users\dixit.bedi\Eclipse-javascript\Unit4\node_modules\protractor\node_modules\jasmine-core\lib\jasmine-core\jasmine.js:4399:18)
                    at Object.&lt;anonymous> (C:\Users\dixit.bedi\Eclipse-javascript\Unit4\Tests\unit4_login_test.js:2:1)
                    at Module._compile (module.js:641:30)
                    at Object.Module._extensions..js (module.js:652:10)
                    at Module.load (module.js:560:32)
                    at tryModuleLoad (module.js:503:12)</stack-trace>
            </failure>
        </test-case>
        <test-case start='1511955589304' status='failed' stop='1511955589350'>
            <name>Selecting Administrasjon on home page</name>
            <title>Selecting Administrasjon on home page</title>
            <labels/>
            <parameters/>
            <steps/>
            <attachments/>
            <failure>
                <message>Failed: no such window: target window already closed
                from unknown error: web view not found
                  (Session info: chrome=62.0.3202.94)
                  (Driver info: chromedriver=2.33.506120 (e3e53437346286c0bc2d2dc9aa4915ba81d9023f),platform=Windows NT 10.0.10586 x86_64)</message>
                <stack-trace>NoSuchWindowError: no such window: target window already closed
                from unknown error: web view not found
                  (Session info: chrome=62.0.3202.94)
                  (Driver info: chromedriver=2.33.506120 (e3e53437346286c0bc2d2dc9aa4915ba81d9023f),platform=Windows NT 10.0.10586 x86_64)
                    at Object.checkLegacyResponse (C:\Users\dixit.bedi\Eclipse-javascript\Unit4\node_modules\protractor\node_modules\selenium-webdriver\lib\error.js:546:15)
                    at parseHttpResponse (C:\Users\dixit.bedi\Eclipse-javascript\Unit4\node_modules\protractor\node_modules\selenium-webdriver\lib\http.js:509:13)
                    at doSend.then.response (C:\Users\dixit.bedi\Eclipse-javascript\Unit4\node_modules\protractor\node_modules\selenium-webdriver\lib\http.js:441:30)
                    at &lt;anonymous>
                    at process._tickCallback (internal/process/next_tick.js:188:7)
                From: Task: Protractor.waitForAngular() - Locator: By(xpath, //div/a/span[text()="Administrasjon"])
                    at Driver.schedule (C:\Users\dixit.bedi\Eclipse-javascript\Unit4\node_modules\protractor\node_modules\selenium-webdriver\lib\webdriver.js:807:17)
                    at ProtractorBrowser.executeAsyncScript_ (C:\Users\dixit.bedi\Eclipse-javascript\Unit4\node_modules\protractor\built\browser.js:425:28)
                    at angularAppRoot.then (C:\Users\dixit.bedi\Eclipse-javascript\Unit4\node_modules\protractor\built\browser.js:456:33)
                    at ManagedPromise.invokeCallback_ (C:\Users\dixit.bedi\Eclipse-javascript\Unit4\node_modules\protractor\node_modules\selenium-webdriver\lib\promise.js:1376:14)
                    at TaskQueue.execute_ (C:\Users\dixit.bedi\Eclipse-javascript\Unit4\node_modules\protractor\node_modules\selenium-webdriver\lib\promise.js:3084:14)
                    at TaskQueue.executeNext_ (C:\Users\dixit.bedi\Eclipse-javascript\Unit4\node_modules\protractor\node_modules\selenium-webdriver\lib\promise.js:3067:27)
                    at asyncRun (C:\Users\dixit.bedi\Eclipse-javascript\Unit4\node_modules\protractor\node_modules\selenium-webdriver\lib\promise.js:2927:27)
                    at C:\Users\dixit.bedi\Eclipse-javascript\Unit4\node_modules\protractor\node_modules\selenium-webdriver\lib\promise.js:668:7
                    at &lt;anonymous>
                    at process._tickCallback (internal/process/next_tick.js:188:7)Error
                    at ElementArrayFinder.applyAction_ (C:\Users\dixit.bedi\Eclipse-javascript\Unit4\node_modules\protractor\built\element.js:459:27)
                    at ElementArrayFinder.(anonymous function).args [as click] (C:\Users\dixit.bedi\Eclipse-javascript\Unit4\node_modules\protractor\built\element.js:91:29)
                    at ElementFinder.(anonymous function).args [as click] (C:\Users\dixit.bedi\Eclipse-javascript\Unit4\node_modules\protractor\built\element.js:831:22)
                    at home_page.selectAdministrasjon (C:\Users\dixit.bedi\Eclipse-javascript\Unit4\Pages\home_page.js:179:23)
                    at UserContext.&lt;anonymous> (C:\Users\dixit.bedi\Eclipse-javascript\Unit4\Tests\unit4_login_test.js:43:13)
                    at C:\Users\dixit.bedi\Eclipse-javascript\Unit4\node_modules\protractor\node_modules\jasminewd2\index.js:112:25
                    at new ManagedPromise (C:\Users\dixit.bedi\Eclipse-javascript\Unit4\node_modules\protractor\node_modules\selenium-webdriver\lib\promise.js:1077:7)
                    at ControlFlow.promise (C:\Users\dixit.bedi\Eclipse-javascript\Unit4\node_modules\protractor\node_modules\selenium-webdriver\lib\promise.js:2505:12)
                    at schedulerExecute (C:\Users\dixit.bedi\Eclipse-javascript\Unit4\node_modules\protractor\node_modules\jasminewd2\index.js:95:18)
                    at TaskQueue.execute_ (C:\Users\dixit.bedi\Eclipse-javascript\Unit4\node_modules\protractor\node_modules\selenium-webdriver\lib\promise.js:3084:14)
                From: Task: Run it("Selecting Administrasjon on home page") in control flow
                    at UserContext.&lt;anonymous> (C:\Users\dixit.bedi\Eclipse-javascript\Unit4\node_modules\protractor\node_modules\jasminewd2\index.js:94:19)
                    at attempt (C:\Users\dixit.bedi\Eclipse-javascript\Unit4\node_modules\protractor\node_modules\jasmine-core\lib\jasmine-core\jasmine.js:4297:26)
                    at QueueRunner.run (C:\Users\dixit.bedi\Eclipse-javascript\Unit4\node_modules\protractor\node_modules\jasmine-core\lib\jasmine-core\jasmine.js:4217:20)
                    at QueueRunner.execute (C:\Users\dixit.bedi\Eclipse-javascript\Unit4\node_modules\protractor\node_modules\jasmine-core\lib\jasmine-core\jasmine.js:4199:10)
                    at Spec.queueRunnerFactory (C:\Users\dixit.bedi\Eclipse-javascript\Unit4\node_modules\protractor\node_modules\jasmine-core\lib\jasmine-core\jasmine.js:909:35)
                    at Spec.execute (C:\Users\dixit.bedi\Eclipse-javascript\Unit4\node_modules\protractor\node_modules\jasmine-core\lib\jasmine-core\jasmine.js:526:10)
                    at UserContext.fn (C:\Users\dixit.bedi\Eclipse-javascript\Unit4\node_modules\protractor\node_modules\jasmine-core\lib\jasmine-core\jasmine.js:5340:37)
                    at attempt (C:\Users\dixit.bedi\Eclipse-javascript\Unit4\node_modules\protractor\node_modules\jasmine-core\lib\jasmine-core\jasmine.js:4297:26)
                    at QueueRunner.run (C:\Users\dixit.bedi\Eclipse-javascript\Unit4\node_modules\protractor\node_modules\jasmine-core\lib\jasmine-core\jasmine.js:4217:20)
                    at runNext (C:\Users\dixit.bedi\Eclipse-javascript\Unit4\node_modules\protractor\node_modules\jasmine-core\lib\jasmine-core\jasmine.js:4257:20)
                From asynchronous test: 
                Error
                    at Suite.&lt;anonymous> (C:\Users\dixit.bedi\Eclipse-javascript\Unit4\Tests\unit4_login_test.js:41:2)
                    at addSpecsToSuite (C:\Users\dixit.bedi\Eclipse-javascript\Unit4\node_modules\protractor\node_modules\jasmine-core\lib\jasmine-core\jasmine.js:1107:25)
                    at Env.describe (C:\Users\dixit.bedi\Eclipse-javascript\Unit4\node_modules\protractor\node_modules\jasmine-core\lib\jasmine-core\jasmine.js:1074:7)
                    at describe (C:\Users\dixit.bedi\Eclipse-javascript\Unit4\node_modules\protractor\node_modules\jasmine-core\lib\jasmine-core\jasmine.js:4399:18)
                    at Object.&lt;anonymous> (C:\Users\dixit.bedi\Eclipse-javascript\Unit4\Tests\unit4_login_test.js:2:1)
                    at Module._compile (module.js:641:30)
                    at Object.Module._extensions..js (module.js:652:10)
                    at Module.load (module.js:560:32)
                    at tryModuleLoad (module.js:503:12)</stack-trace>
            </failure>
        </test-case>
        <test-case start='1511955589350' status='failed' stop='1511955589373'>
            <name>Entering Bruker on home page</name>
            <title>Entering Bruker on home page</title>
            <labels/>
            <parameters/>
            <steps/>
            <attachments/>
            <failure>
                <message>Failed: no such window: target window already closed
                from unknown error: web view not found
                  (Session info: chrome=62.0.3202.94)
                  (Driver info: chromedriver=2.33.506120 (e3e53437346286c0bc2d2dc9aa4915ba81d9023f),platform=Windows NT 10.0.10586 x86_64)</message>
                <stack-trace>NoSuchWindowError: no such window: target window already closed
                from unknown error: web view not found
                  (Session info: chrome=62.0.3202.94)
                  (Driver info: chromedriver=2.33.506120 (e3e53437346286c0bc2d2dc9aa4915ba81d9023f),platform=Windows NT 10.0.10586 x86_64)
                    at Object.checkLegacyResponse (C:\Users\dixit.bedi\Eclipse-javascript\Unit4\node_modules\protractor\node_modules\selenium-webdriver\lib\error.js:546:15)
                    at parseHttpResponse (C:\Users\dixit.bedi\Eclipse-javascript\Unit4\node_modules\protractor\node_modules\selenium-webdriver\lib\http.js:509:13)
                    at doSend.then.response (C:\Users\dixit.bedi\Eclipse-javascript\Unit4\node_modules\protractor\node_modules\selenium-webdriver\lib\http.js:441:30)
                    at &lt;anonymous>
                    at process._tickCallback (internal/process/next_tick.js:188:7)
                From: Task: Protractor.waitForAngular() - Locator: By(xpath, //div/a/span[text()="Administrasjon"])
                    at Driver.schedule (C:\Users\dixit.bedi\Eclipse-javascript\Unit4\node_modules\protractor\node_modules\selenium-webdriver\lib\webdriver.js:807:17)
                    at ProtractorBrowser.executeAsyncScript_ (C:\Users\dixit.bedi\Eclipse-javascript\Unit4\node_modules\protractor\built\browser.js:425:28)
                    at angularAppRoot.then (C:\Users\dixit.bedi\Eclipse-javascript\Unit4\node_modules\protractor\built\browser.js:456:33)
                    at ManagedPromise.invokeCallback_ (C:\Users\dixit.bedi\Eclipse-javascript\Unit4\node_modules\protractor\node_modules\selenium-webdriver\lib\promise.js:1376:14)
                    at TaskQueue.execute_ (C:\Users\dixit.bedi\Eclipse-javascript\Unit4\node_modules\protractor\node_modules\selenium-webdriver\lib\promise.js:3084:14)
                    at TaskQueue.executeNext_ (C:\Users\dixit.bedi\Eclipse-javascript\Unit4\node_modules\protractor\node_modules\selenium-webdriver\lib\promise.js:3067:27)
                    at asyncRun (C:\Users\dixit.bedi\Eclipse-javascript\Unit4\node_modules\protractor\node_modules\selenium-webdriver\lib\promise.js:2927:27)
                    at C:\Users\dixit.bedi\Eclipse-javascript\Unit4\node_modules\protractor\node_modules\selenium-webdriver\lib\promise.js:668:7
                    at &lt;anonymous>
                    at process._tickCallback (internal/process/next_tick.js:188:7)Error
                    at ElementArrayFinder.applyAction_ (C:\Users\dixit.bedi\Eclipse-javascript\Unit4\node_modules\protractor\built\element.js:459:27)
                    at ElementArrayFinder.(anonymous function).args [as click] (C:\Users\dixit.bedi\Eclipse-javascript\Unit4\node_modules\protractor\built\element.js:91:29)
                    at ElementFinder.(anonymous function).args [as click] (C:\Users\dixit.bedi\Eclipse-javascript\Unit4\node_modules\protractor\built\element.js:831:22)
                    at home_page.enterBruker (C:\Users\dixit.bedi\Eclipse-javascript\Unit4\Pages\home_page.js:215:23)
                    at UserContext.&lt;anonymous> (C:\Users\dixit.bedi\Eclipse-javascript\Unit4\Tests\unit4_login_test.js:49:13)
                    at C:\Users\dixit.bedi\Eclipse-javascript\Unit4\node_modules\protractor\node_modules\jasminewd2\index.js:112:25
                    at new ManagedPromise (C:\Users\dixit.bedi\Eclipse-javascript\Unit4\node_modules\protractor\node_modules\selenium-webdriver\lib\promise.js:1077:7)
                    at ControlFlow.promise (C:\Users\dixit.bedi\Eclipse-javascript\Unit4\node_modules\protractor\node_modules\selenium-webdriver\lib\promise.js:2505:12)
                    at schedulerExecute (C:\Users\dixit.bedi\Eclipse-javascript\Unit4\node_modules\protractor\node_modules\jasminewd2\index.js:95:18)
                    at TaskQueue.execute_ (C:\Users\dixit.bedi\Eclipse-javascript\Unit4\node_modules\protractor\node_modules\selenium-webdriver\lib\promise.js:3084:14)
                From: Task: Run it("Entering Bruker on home page") in control flow
                    at UserContext.&lt;anonymous> (C:\Users\dixit.bedi\Eclipse-javascript\Unit4\node_modules\protractor\node_modules\jasminewd2\index.js:94:19)
                    at attempt (C:\Users\dixit.bedi\Eclipse-javascript\Unit4\node_modules\protractor\node_modules\jasmine-core\lib\jasmine-core\jasmine.js:4297:26)
                    at QueueRunner.run (C:\Users\dixit.bedi\Eclipse-javascript\Unit4\node_modules\protractor\node_modules\jasmine-core\lib\jasmine-core\jasmine.js:4217:20)
                    at QueueRunner.execute (C:\Users\dixit.bedi\Eclipse-javascript\Unit4\node_modules\protractor\node_modules\jasmine-core\lib\jasmine-core\jasmine.js:4199:10)
                    at Spec.queueRunnerFactory (C:\Users\dixit.bedi\Eclipse-javascript\Unit4\node_modules\protractor\node_modules\jasmine-core\lib\jasmine-core\jasmine.js:909:35)
                    at Spec.execute (C:\Users\dixit.bedi\Eclipse-javascript\Unit4\node_modules\protractor\node_modules\jasmine-core\lib\jasmine-core\jasmine.js:526:10)
                    at UserContext.fn (C:\Users\dixit.bedi\Eclipse-javascript\Unit4\node_modules\protractor\node_modules\jasmine-core\lib\jasmine-core\jasmine.js:5340:37)
                    at attempt (C:\Users\dixit.bedi\Eclipse-javascript\Unit4\node_modules\protractor\node_modules\jasmine-core\lib\jasmine-core\jasmine.js:4297:26)
                    at QueueRunner.run (C:\Users\dixit.bedi\Eclipse-javascript\Unit4\node_modules\protractor\node_modules\jasmine-core\lib\jasmine-core\jasmine.js:4217:20)
                    at runNext (C:\Users\dixit.bedi\Eclipse-javascript\Unit4\node_modules\protractor\node_modules\jasmine-core\lib\jasmine-core\jasmine.js:4257:20)
                From asynchronous test: 
                Error
                    at Suite.&lt;anonymous> (C:\Users\dixit.bedi\Eclipse-javascript\Unit4\Tests\unit4_login_test.js:47:2)
                    at addSpecsToSuite (C:\Users\dixit.bedi\Eclipse-javascript\Unit4\node_modules\protractor\node_modules\jasmine-core\lib\jasmine-core\jasmine.js:1107:25)
                    at Env.describe (C:\Users\dixit.bedi\Eclipse-javascript\Unit4\node_modules\protractor\node_modules\jasmine-core\lib\jasmine-core\jasmine.js:1074:7)
                    at describe (C:\Users\dixit.bedi\Eclipse-javascript\Unit4\node_modules\protractor\node_modules\jasmine-core\lib\jasmine-core\jasmine.js:4399:18)
                    at Object.&lt;anonymous> (C:\Users\dixit.bedi\Eclipse-javascript\Unit4\Tests\unit4_login_test.js:2:1)
                    at Module._compile (module.js:641:30)
                    at Object.Module._extensions..js (module.js:652:10)
                    at Module.load (module.js:560:32)
                    at tryModuleLoad (module.js:503:12)</stack-trace>
            </failure>
        </test-case>
        <test-case start='1511955589373' status='failed' stop='1511955590390'>
            <name>Logout of the application</name>
            <title>Logout of the application</title>
            <labels/>
            <parameters/>
            <steps/>
            <attachments/>
            <failure>
                <message>Failed: no such window: target window already closed
                from unknown error: web view not found
                  (Session info: chrome=62.0.3202.94)
                  (Driver info: chromedriver=2.33.506120 (e3e53437346286c0bc2d2dc9aa4915ba81d9023f),platform=Windows NT 10.0.10586 x86_64)</message>
                <stack-trace>NoSuchWindowError: no such window: target window already closed
                from unknown error: web view not found
                  (Session info: chrome=62.0.3202.94)
                  (Driver info: chromedriver=2.33.506120 (e3e53437346286c0bc2d2dc9aa4915ba81d9023f),platform=Windows NT 10.0.10586 x86_64)
                    at Object.checkLegacyResponse (C:\Users\dixit.bedi\Eclipse-javascript\Unit4\node_modules\protractor\node_modules\selenium-webdriver\lib\error.js:546:15)
                    at parseHttpResponse (C:\Users\dixit.bedi\Eclipse-javascript\Unit4\node_modules\protractor\node_modules\selenium-webdriver\lib\http.js:509:13)
                    at doSend.then.response (C:\Users\dixit.bedi\Eclipse-javascript\Unit4\node_modules\protractor\node_modules\selenium-webdriver\lib\http.js:441:30)
                    at &lt;anonymous>
                    at process._tickCallback (internal/process/next_tick.js:188:7)
                From: Task: Protractor.waitForAngular() - Locator: By(xpath, .//img[@alt='Usr'])
                    at Driver.schedule (C:\Users\dixit.bedi\Eclipse-javascript\Unit4\node_modules\protractor\node_modules\selenium-webdriver\lib\webdriver.js:807:17)
                    at ProtractorBrowser.executeAsyncScript_ (C:\Users\dixit.bedi\Eclipse-javascript\Unit4\node_modules\protractor\built\browser.js:425:28)
                    at angularAppRoot.then (C:\Users\dixit.bedi\Eclipse-javascript\Unit4\node_modules\protractor\built\browser.js:456:33)
                    at ManagedPromise.invokeCallback_ (C:\Users\dixit.bedi\Eclipse-javascript\Unit4\node_modules\protractor\node_modules\selenium-webdriver\lib\promise.js:1376:14)
                    at TaskQueue.execute_ (C:\Users\dixit.bedi\Eclipse-javascript\Unit4\node_modules\protractor\node_modules\selenium-webdriver\lib\promise.js:3084:14)
                    at TaskQueue.executeNext_ (C:\Users\dixit.bedi\Eclipse-javascript\Unit4\node_modules\protractor\node_modules\selenium-webdriver\lib\promise.js:3067:27)
                    at asyncRun (C:\Users\dixit.bedi\Eclipse-javascript\Unit4\node_modules\protractor\node_modules\selenium-webdriver\lib\promise.js:2927:27)
                    at C:\Users\dixit.bedi\Eclipse-javascript\Unit4\node_modules\protractor\node_modules\selenium-webdriver\lib\promise.js:668:7
                    at &lt;anonymous>Error
                    at ElementArrayFinder.applyAction_ (C:\Users\dixit.bedi\Eclipse-javascript\Unit4\node_modules\protractor\built\element.js:459:27)
                    at ElementArrayFinder.(anonymous function).args [as click] (C:\Users\dixit.bedi\Eclipse-javascript\Unit4\node_modules\protractor\built\element.js:91:29)
                    at ElementFinder.(anonymous function).args [as click] (C:\Users\dixit.bedi\Eclipse-javascript\Unit4\node_modules\protractor\built\element.js:831:22)
                    at home_page.logout (C:\Users\dixit.bedi\Eclipse-javascript\Unit4\Pages\home_page.js:63:17)
                    at UserContext.&lt;anonymous> (C:\Users\dixit.bedi\Eclipse-javascript\Unit4\Tests\unit4_login_test.js:54:13)
                    at C:\Users\dixit.bedi\Eclipse-javascript\Unit4\node_modules\protractor\node_modules\jasminewd2\index.js:112:25
                    at new ManagedPromise (C:\Users\dixit.bedi\Eclipse-javascript\Unit4\node_modules\protractor\node_modules\selenium-webdriver\lib\promise.js:1077:7)
                    at ControlFlow.promise (C:\Users\dixit.bedi\Eclipse-javascript\Unit4\node_modules\protractor\node_modules\selenium-webdriver\lib\promise.js:2505:12)
                    at schedulerExecute (C:\Users\dixit.bedi\Eclipse-javascript\Unit4\node_modules\protractor\node_modules\jasminewd2\index.js:95:18)
                    at TaskQueue.execute_ (C:\Users\dixit.bedi\Eclipse-javascript\Unit4\node_modules\protractor\node_modules\selenium-webdriver\lib\promise.js:3084:14)
                From: Task: Run it("Logout of the application") in control flow
                    at UserContext.&lt;anonymous> (C:\Users\dixit.bedi\Eclipse-javascript\Unit4\node_modules\protractor\node_modules\jasminewd2\index.js:94:19)
                    at attempt (C:\Users\dixit.bedi\Eclipse-javascript\Unit4\node_modules\protractor\node_modules\jasmine-core\lib\jasmine-core\jasmine.js:4297:26)
                    at QueueRunner.run (C:\Users\dixit.bedi\Eclipse-javascript\Unit4\node_modules\protractor\node_modules\jasmine-core\lib\jasmine-core\jasmine.js:4217:20)
                    at QueueRunner.execute (C:\Users\dixit.bedi\Eclipse-javascript\Unit4\node_modules\protractor\node_modules\jasmine-core\lib\jasmine-core\jasmine.js:4199:10)
                    at Spec.queueRunnerFactory (C:\Users\dixit.bedi\Eclipse-javascript\Unit4\node_modules\protractor\node_modules\jasmine-core\lib\jasmine-core\jasmine.js:909:35)
                    at Spec.execute (C:\Users\dixit.bedi\Eclipse-javascript\Unit4\node_modules\protractor\node_modules\jasmine-core\lib\jasmine-core\jasmine.js:526:10)
                    at UserContext.fn (C:\Users\dixit.bedi\Eclipse-javascript\Unit4\node_modules\protractor\node_modules\jasmine-core\lib\jasmine-core\jasmine.js:5340:37)
                    at attempt (C:\Users\dixit.bedi\Eclipse-javascript\Unit4\node_modules\protractor\node_modules\jasmine-core\lib\jasmine-core\jasmine.js:4297:26)
                    at QueueRunner.run (C:\Users\dixit.bedi\Eclipse-javascript\Unit4\node_modules\protractor\node_modules\jasmine-core\lib\jasmine-core\jasmine.js:4217:20)
                    at runNext (C:\Users\dixit.bedi\Eclipse-javascript\Unit4\node_modules\protractor\node_modules\jasmine-core\lib\jasmine-core\jasmine.js:4257:20)
                From asynchronous test: 
                Error
                    at Suite.&lt;anonymous> (C:\Users\dixit.bedi\Eclipse-javascript\Unit4\Tests\unit4_login_test.js:53:2)
                    at addSpecsToSuite (C:\Users\dixit.bedi\Eclipse-javascript\Unit4\node_modules\protractor\node_modules\jasmine-core\lib\jasmine-core\jasmine.js:1107:25)
                    at Env.describe (C:\Users\dixit.bedi\Eclipse-javascript\Unit4\node_modules\protractor\node_modules\jasmine-core\lib\jasmine-core\jasmine.js:1074:7)
                    at describe (C:\Users\dixit.bedi\Eclipse-javascript\Unit4\node_modules\protractor\node_modules\jasmine-core\lib\jasmine-core\jasmine.js:4399:18)
                    at Object.&lt;anonymous> (C:\Users\dixit.bedi\Eclipse-javascript\Unit4\Tests\unit4_login_test.js:2:1)
                    at Module._compile (module.js:641:30)
                    at Object.Module._extensions..js (module.js:652:10)
                    at Module.load (module.js:560:32)
                    at tryModuleLoad (module.js:503:12)</stack-trace>
            </failure>
        </test-case>
    </test-cases>
</ns2:test-suite>