<?xml version='1.0'?>
<ns2:test-suite xmlns:ns2='urn:model.allure.qatools.yandex.ru' start='1511955639391' stop='1511955680424'>
    <name>Unit4 Login</name>
    <title>Unit4 Login</title>
    <test-cases>
        <test-case start='1511955639392' status='passed' stop='1511955644835'>
            <name>Open URL</name>
            <title>Open URL</title>
            <labels/>
            <parameters/>
            <steps/>
            <attachments/>
        </test-case>
        <test-case start='1511955644835' status='passed' stop='1511955651747'>
            <name>Login into the application</name>
            <title>Login into the application</title>
            <labels/>
            <parameters/>
            <steps/>
            <attachments/>
        </test-case>
        <test-case start='1511955651748' status='pending' stop='1511955651748'>
            <name>Selecting Ansvarsstedon on home page</name>
            <title>Selecting Ansvarsstedon on home page</title>
            <labels/>
            <parameters/>
            <steps/>
            <attachments/>
            <failure>
                <message>Temporarily disabled with xit</message>
                <stack-trace></stack-trace>
            </failure>
        </test-case>
        <test-case start='1511955651748' status='pending' stop='1511955651748'>
            <name>Creating Negotiation on home page</name>
            <title>Creating Negotiation on home page</title>
            <labels/>
            <parameters/>
            <steps/>
            <attachments/>
            <failure>
                <message>Temporarily disabled with xit</message>
                <stack-trace></stack-trace>
            </failure>
        </test-case>
        <test-case start='1511955651748' status='pending' stop='1511955651748'>
            <name>Deleting Negotiation on home page</name>
            <title>Deleting Negotiation on home page</title>
            <labels/>
            <parameters/>
            <steps/>
            <attachments/>
            <failure>
                <message>Temporarily disabled with xit</message>
                <stack-trace></stack-trace>
            </failure>
        </test-case>
        <test-case start='1511955651748' status='pending' stop='1511955651749'>
            <name>Editing Negotiation on home page</name>
            <title>Editing Negotiation on home page</title>
            <labels/>
            <parameters/>
            <steps/>
            <attachments/>
            <failure>
                <message>Temporarily disabled with xit</message>
                <stack-trace></stack-trace>
            </failure>
        </test-case>
        <test-case start='1511955651749' status='passed' stop='1511955674243'>
            <name>Selecting Administrasjon on home page</name>
            <title>Selecting Administrasjon on home page</title>
            <labels/>
            <parameters/>
            <steps/>
            <attachments/>
        </test-case>
        <test-case start='1511955674243' status='failed' stop='1511955675106'>
            <name>Entering Bruker on home page</name>
            <title>Entering Bruker on home page</title>
            <labels/>
            <parameters/>
            <steps/>
            <attachments/>
            <failure>
                <message>Failed: element not visible
                  (Session info: chrome=62.0.3202.94)
                  (Driver info: chromedriver=2.33.506120 (e3e53437346286c0bc2d2dc9aa4915ba81d9023f),platform=Windows NT 10.0.10586 x86_64)</message>
                <stack-trace>ElementNotVisibleError: element not visible
                  (Session info: chrome=62.0.3202.94)
                  (Driver info: chromedriver=2.33.506120 (e3e53437346286c0bc2d2dc9aa4915ba81d9023f),platform=Windows NT 10.0.10586 x86_64)
                    at Object.checkLegacyResponse (C:\Users\dixit.bedi\Eclipse-javascript\Unit4\node_modules\protractor\node_modules\selenium-webdriver\lib\error.js:546:15)
                    at parseHttpResponse (C:\Users\dixit.bedi\Eclipse-javascript\Unit4\node_modules\protractor\node_modules\selenium-webdriver\lib\http.js:509:13)
                    at doSend.then.response (C:\Users\dixit.bedi\Eclipse-javascript\Unit4\node_modules\protractor\node_modules\selenium-webdriver\lib\http.js:441:30)
                    at &lt;anonymous>
                    at process._tickCallback (internal/process/next_tick.js:188:7)
                From: Task: WebElement.click()
                    at Driver.schedule (C:\Users\dixit.bedi\Eclipse-javascript\Unit4\node_modules\protractor\node_modules\selenium-webdriver\lib\webdriver.js:807:17)
                    at WebElement.schedule_ (C:\Users\dixit.bedi\Eclipse-javascript\Unit4\node_modules\protractor\node_modules\selenium-webdriver\lib\webdriver.js:2010:25)
                    at WebElement.click (C:\Users\dixit.bedi\Eclipse-javascript\Unit4\node_modules\protractor\node_modules\selenium-webdriver\lib\webdriver.js:2092:17)
                    at actionFn (C:\Users\dixit.bedi\Eclipse-javascript\Unit4\node_modules\protractor\built\element.js:89:44)
                    at Array.map (&lt;anonymous>)
                    at actionResults.getWebElements.then (C:\Users\dixit.bedi\Eclipse-javascript\Unit4\node_modules\protractor\built\element.js:461:65)
                    at ManagedPromise.invokeCallback_ (C:\Users\dixit.bedi\Eclipse-javascript\Unit4\node_modules\protractor\node_modules\selenium-webdriver\lib\promise.js:1376:14)
                    at TaskQueue.execute_ (C:\Users\dixit.bedi\Eclipse-javascript\Unit4\node_modules\protractor\node_modules\selenium-webdriver\lib\promise.js:3084:14)
                    at TaskQueue.executeNext_ (C:\Users\dixit.bedi\Eclipse-javascript\Unit4\node_modules\protractor\node_modules\selenium-webdriver\lib\promise.js:3067:27)
                    at asyncRun (C:\Users\dixit.bedi\Eclipse-javascript\Unit4\node_modules\protractor\node_modules\selenium-webdriver\lib\promise.js:2927:27)Error
                    at ElementArrayFinder.applyAction_ (C:\Users\dixit.bedi\Eclipse-javascript\Unit4\node_modules\protractor\built\element.js:459:27)
                    at ElementArrayFinder.(anonymous function).args [as click] (C:\Users\dixit.bedi\Eclipse-javascript\Unit4\node_modules\protractor\built\element.js:91:29)
                    at ElementFinder.(anonymous function).args [as click] (C:\Users\dixit.bedi\Eclipse-javascript\Unit4\node_modules\protractor\built\element.js:831:22)
                    at home_page.enterBruker (C:\Users\dixit.bedi\Eclipse-javascript\Unit4\Pages\home_page.js:217:28)
                    at UserContext.&lt;anonymous> (C:\Users\dixit.bedi\Eclipse-javascript\Unit4\Tests\unit4_login_test.js:49:13)
                    at C:\Users\dixit.bedi\Eclipse-javascript\Unit4\node_modules\protractor\node_modules\jasminewd2\index.js:112:25
                    at new ManagedPromise (C:\Users\dixit.bedi\Eclipse-javascript\Unit4\node_modules\protractor\node_modules\selenium-webdriver\lib\promise.js:1077:7)
                    at ControlFlow.promise (C:\Users\dixit.bedi\Eclipse-javascript\Unit4\node_modules\protractor\node_modules\selenium-webdriver\lib\promise.js:2505:12)
                    at schedulerExecute (C:\Users\dixit.bedi\Eclipse-javascript\Unit4\node_modules\protractor\node_modules\jasminewd2\index.js:95:18)
                    at TaskQueue.execute_ (C:\Users\dixit.bedi\Eclipse-javascript\Unit4\node_modules\protractor\node_modules\selenium-webdriver\lib\promise.js:3084:14)
                From: Task: Run it("Entering Bruker on home page") in control flow
                    at UserContext.&lt;anonymous> (C:\Users\dixit.bedi\Eclipse-javascript\Unit4\node_modules\protractor\node_modules\jasminewd2\index.js:94:19)
                    at attempt (C:\Users\dixit.bedi\Eclipse-javascript\Unit4\node_modules\protractor\node_modules\jasmine-core\lib\jasmine-core\jasmine.js:4297:26)
                    at QueueRunner.run (C:\Users\dixit.bedi\Eclipse-javascript\Unit4\node_modules\protractor\node_modules\jasmine-core\lib\jasmine-core\jasmine.js:4217:20)
                    at QueueRunner.execute (C:\Users\dixit.bedi\Eclipse-javascript\Unit4\node_modules\protractor\node_modules\jasmine-core\lib\jasmine-core\jasmine.js:4199:10)
                    at Spec.queueRunnerFactory (C:\Users\dixit.bedi\Eclipse-javascript\Unit4\node_modules\protractor\node_modules\jasmine-core\lib\jasmine-core\jasmine.js:909:35)
                    at Spec.execute (C:\Users\dixit.bedi\Eclipse-javascript\Unit4\node_modules\protractor\node_modules\jasmine-core\lib\jasmine-core\jasmine.js:526:10)
                    at UserContext.fn (C:\Users\dixit.bedi\Eclipse-javascript\Unit4\node_modules\protractor\node_modules\jasmine-core\lib\jasmine-core\jasmine.js:5340:37)
                    at attempt (C:\Users\dixit.bedi\Eclipse-javascript\Unit4\node_modules\protractor\node_modules\jasmine-core\lib\jasmine-core\jasmine.js:4297:26)
                    at QueueRunner.run (C:\Users\dixit.bedi\Eclipse-javascript\Unit4\node_modules\protractor\node_modules\jasmine-core\lib\jasmine-core\jasmine.js:4217:20)
                    at runNext (C:\Users\dixit.bedi\Eclipse-javascript\Unit4\node_modules\protractor\node_modules\jasmine-core\lib\jasmine-core\jasmine.js:4257:20)
                From asynchronous test: 
                Error
                    at Suite.&lt;anonymous> (C:\Users\dixit.bedi\Eclipse-javascript\Unit4\Tests\unit4_login_test.js:47:2)
                    at addSpecsToSuite (C:\Users\dixit.bedi\Eclipse-javascript\Unit4\node_modules\protractor\node_modules\jasmine-core\lib\jasmine-core\jasmine.js:1107:25)
                    at Env.describe (C:\Users\dixit.bedi\Eclipse-javascript\Unit4\node_modules\protractor\node_modules\jasmine-core\lib\jasmine-core\jasmine.js:1074:7)
                    at describe (C:\Users\dixit.bedi\Eclipse-javascript\Unit4\node_modules\protractor\node_modules\jasmine-core\lib\jasmine-core\jasmine.js:4399:18)
                    at Object.&lt;anonymous> (C:\Users\dixit.bedi\Eclipse-javascript\Unit4\Tests\unit4_login_test.js:2:1)
                    at Module._compile (module.js:641:30)
                    at Object.Module._extensions..js (module.js:652:10)
                    at Module.load (module.js:560:32)
                    at tryModuleLoad (module.js:503:12)</stack-trace>
            </failure>
        </test-case>
        <test-case start='1511955675106' status='passed' stop='1511955680421'>
            <name>Logout of the application</name>
            <title>Logout of the application</title>
            <labels/>
            <parameters/>
            <steps/>
            <attachments/>
        </test-case>
    </test-cases>
</ns2:test-suite>