<?xml version='1.0'?>
<ns2:test-suite xmlns:ns2='urn:model.allure.qatools.yandex.ru' start='1511955731377' stop='1511955773277'>
    <name>Unit4 Login</name>
    <title>Unit4 Login</title>
    <test-cases>
        <test-case start='1511955731378' status='passed' stop='1511955737533'>
            <name>Open URL</name>
            <title>Open URL</title>
            <labels/>
            <parameters/>
            <steps/>
            <attachments/>
        </test-case>
        <test-case start='1511955737534' status='passed' stop='1511955741861'>
            <name>Login into the application</name>
            <title>Login into the application</title>
            <labels/>
            <parameters/>
            <steps/>
            <attachments/>
        </test-case>
        <test-case start='1511955741861' status='pending' stop='1511955741862'>
            <name>Selecting Ansvarsstedon on home page</name>
            <title>Selecting Ansvarsstedon on home page</title>
            <labels/>
            <parameters/>
            <steps/>
            <attachments/>
            <failure>
                <message>Temporarily disabled with xit</message>
                <stack-trace></stack-trace>
            </failure>
        </test-case>
        <test-case start='1511955741862' status='pending' stop='1511955741862'>
            <name>Creating Negotiation on home page</name>
            <title>Creating Negotiation on home page</title>
            <labels/>
            <parameters/>
            <steps/>
            <attachments/>
            <failure>
                <message>Temporarily disabled with xit</message>
                <stack-trace></stack-trace>
            </failure>
        </test-case>
        <test-case start='1511955741862' status='pending' stop='1511955741862'>
            <name>Deleting Negotiation on home page</name>
            <title>Deleting Negotiation on home page</title>
            <labels/>
            <parameters/>
            <steps/>
            <attachments/>
            <failure>
                <message>Temporarily disabled with xit</message>
                <stack-trace></stack-trace>
            </failure>
        </test-case>
        <test-case start='1511955741862' status='pending' stop='1511955741862'>
            <name>Editing Negotiation on home page</name>
            <title>Editing Negotiation on home page</title>
            <labels/>
            <parameters/>
            <steps/>
            <attachments/>
            <failure>
                <message>Temporarily disabled with xit</message>
                <stack-trace></stack-trace>
            </failure>
        </test-case>
        <test-case start='1511955741862' status='passed' stop='1511955763166'>
            <name>Selecting Administrasjon on home page</name>
            <title>Selecting Administrasjon on home page</title>
            <labels/>
            <parameters/>
            <steps/>
            <attachments/>
        </test-case>
        <test-case start='1511955763166' status='failed' stop='1511955767997'>
            <name>Entering Bruker on home page</name>
            <title>Entering Bruker on home page</title>
            <labels/>
            <parameters/>
            <steps/>
            <attachments/>
            <failure>
                <message>Failed: Invalid locator</message>
                <stack-trace>TypeError: Invalid locator
                    at Object.check [as checkedLocator] (C:\Users\dixit.bedi\Eclipse-javascript\Unit4\node_modules\protractor\node_modules\selenium-webdriver\lib\by.js:275:9)
                    at Driver.findElements (C:\Users\dixit.bedi\Eclipse-javascript\Unit4\node_modules\protractor\node_modules\selenium-webdriver\lib\webdriver.js:1041:18)
                    at ptor.waitForAngular.then (C:\Users\dixit.bedi\Eclipse-javascript\Unit4\node_modules\protractor\built\element.js:159:44)
                    at ManagedPromise.invokeCallback_ (C:\Users\dixit.bedi\Eclipse-javascript\Unit4\node_modules\protractor\node_modules\selenium-webdriver\lib\promise.js:1376:14)
                    at TaskQueue.execute_ (C:\Users\dixit.bedi\Eclipse-javascript\Unit4\node_modules\protractor\node_modules\selenium-webdriver\lib\promise.js:3084:14)
                    at TaskQueue.executeNext_ (C:\Users\dixit.bedi\Eclipse-javascript\Unit4\node_modules\protractor\node_modules\selenium-webdriver\lib\promise.js:3067:27)
                    at asyncRun (C:\Users\dixit.bedi\Eclipse-javascript\Unit4\node_modules\protractor\node_modules\selenium-webdriver\lib\promise.js:2927:27)
                    at C:\Users\dixit.bedi\Eclipse-javascript\Unit4\node_modules\protractor\node_modules\selenium-webdriver\lib\promise.js:668:7
                    at &lt;anonymous>
                    at process._tickCallback (internal/process/next_tick.js:188:7)
                From: Task: Run it("Entering Bruker on home page") in control flow
                    at UserContext.&lt;anonymous> (C:\Users\dixit.bedi\Eclipse-javascript\Unit4\node_modules\protractor\node_modules\jasminewd2\index.js:94:19)
                    at attempt (C:\Users\dixit.bedi\Eclipse-javascript\Unit4\node_modules\protractor\node_modules\jasmine-core\lib\jasmine-core\jasmine.js:4297:26)
                    at QueueRunner.run (C:\Users\dixit.bedi\Eclipse-javascript\Unit4\node_modules\protractor\node_modules\jasmine-core\lib\jasmine-core\jasmine.js:4217:20)
                    at QueueRunner.execute (C:\Users\dixit.bedi\Eclipse-javascript\Unit4\node_modules\protractor\node_modules\jasmine-core\lib\jasmine-core\jasmine.js:4199:10)
                    at Spec.queueRunnerFactory (C:\Users\dixit.bedi\Eclipse-javascript\Unit4\node_modules\protractor\node_modules\jasmine-core\lib\jasmine-core\jasmine.js:909:35)
                    at Spec.execute (C:\Users\dixit.bedi\Eclipse-javascript\Unit4\node_modules\protractor\node_modules\jasmine-core\lib\jasmine-core\jasmine.js:526:10)
                    at UserContext.fn (C:\Users\dixit.bedi\Eclipse-javascript\Unit4\node_modules\protractor\node_modules\jasmine-core\lib\jasmine-core\jasmine.js:5340:37)
                    at attempt (C:\Users\dixit.bedi\Eclipse-javascript\Unit4\node_modules\protractor\node_modules\jasmine-core\lib\jasmine-core\jasmine.js:4297:26)
                    at QueueRunner.run (C:\Users\dixit.bedi\Eclipse-javascript\Unit4\node_modules\protractor\node_modules\jasmine-core\lib\jasmine-core\jasmine.js:4217:20)
                    at runNext (C:\Users\dixit.bedi\Eclipse-javascript\Unit4\node_modules\protractor\node_modules\jasmine-core\lib\jasmine-core\jasmine.js:4257:20)
                From asynchronous test: 
                Error
                    at Suite.&lt;anonymous> (C:\Users\dixit.bedi\Eclipse-javascript\Unit4\Tests\unit4_login_test.js:47:2)
                    at addSpecsToSuite (C:\Users\dixit.bedi\Eclipse-javascript\Unit4\node_modules\protractor\node_modules\jasmine-core\lib\jasmine-core\jasmine.js:1107:25)
                    at Env.describe (C:\Users\dixit.bedi\Eclipse-javascript\Unit4\node_modules\protractor\node_modules\jasmine-core\lib\jasmine-core\jasmine.js:1074:7)
                    at describe (C:\Users\dixit.bedi\Eclipse-javascript\Unit4\node_modules\protractor\node_modules\jasmine-core\lib\jasmine-core\jasmine.js:4399:18)
                    at Object.&lt;anonymous> (C:\Users\dixit.bedi\Eclipse-javascript\Unit4\Tests\unit4_login_test.js:2:1)
                    at Module._compile (module.js:641:30)
                    at Object.Module._extensions..js (module.js:652:10)
                    at Module.load (module.js:560:32)
                    at tryModuleLoad (module.js:503:12)</stack-trace>
            </failure>
        </test-case>
        <test-case start='1511955767997' status='passed' stop='1511955773274'>
            <name>Logout of the application</name>
            <title>Logout of the application</title>
            <labels/>
            <parameters/>
            <steps/>
            <attachments/>
        </test-case>
    </test-cases>
</ns2:test-suite>